\BOOKMARK [1][-]{section.1}{Introduction}{}% 1
\BOOKMARK [2][-]{subsection.1.1}{Context and Motivation}{section.1}% 2
\BOOKMARK [2][-]{subsection.1.2}{Problem Statement}{section.1}% 3
\BOOKMARK [1][-]{section.2}{Related Works}{}% 4
\BOOKMARK [1][-]{section.3}{Model and Architecture}{}% 5
\BOOKMARK [2][-]{subsection.3.1}{QoS Dimensions}{section.3}% 6
\BOOKMARK [3][-]{subsubsection.3.1.1}{Event Priority}{subsection.3.1}% 7
\BOOKMARK [3][-]{subsubsection.3.1.2}{Memory Occupation}{subsection.3.1}% 8
\BOOKMARK [3][-]{subsubsection.3.1.3}{Network Occupation}{subsection.3.1}% 9
\BOOKMARK [3][-]{subsubsection.3.1.4}{Notification latency}{subsection.3.1}% 10
\BOOKMARK [2][-]{subsection.3.2}{System Model}{section.3}% 11
\BOOKMARK [3][-]{subsubsection.3.2.1}{Basic data types}{subsection.3.2}% 12
\BOOKMARK [3][-]{subsubsection.3.2.2}{Event Type}{subsection.3.2}% 13
\BOOKMARK [3][-]{subsubsection.3.2.3}{Event Stream}{subsection.3.2}% 14
\BOOKMARK [3][-]{subsubsection.3.2.4}{Operators}{subsection.3.2}% 15
\BOOKMARK [2][-]{subsection.3.3}{Architecture}{section.3}% 16
\BOOKMARK [3][-]{subsubsection.3.3.1}{Event Processing Unit}{subsection.3.3}% 17
\BOOKMARK [3][-]{subsubsection.3.3.2}{Event Channel}{subsection.3.3}% 18
\BOOKMARK [3][-]{subsubsection.3.3.3}{Deployment Architecture}{subsection.3.3}% 19
\BOOKMARK [2][-]{subsection.3.4}{QoS Adoption in Event Processing}{section.3}% 20
\BOOKMARK [3][-]{subsubsection.3.4.1}{Event Priority}{subsection.3.4}% 21
\BOOKMARK [3][-]{subsubsection.3.4.2}{Memory Occupation}{subsection.3.4}% 22
\BOOKMARK [3][-]{subsubsection.3.4.3}{Network Occupation}{subsection.3.4}% 23
\BOOKMARK [3][-]{subsubsection.3.4.4}{Notification Latency}{subsection.3.4}% 24
\BOOKMARK [1][-]{section.4}{Implementation}{}% 25
\BOOKMARK [1][-]{section.5}{Conclusion}{}% 26
